  Performing Custom Build Tools
  Building and assembling rdrand.asm
   Assembling: C:\toolchain\cpp\crypto++\rdrand.asm
  Building and assembling rdseed.asm
   Assembling: C:\toolchain\cpp\crypto++\rdseed.asm
  pch.cpp
  cryptlib.cpp
  cpu.cpp
  integer.cpp
  3way.cpp
  adler32.cpp
  algebra.cpp
  algparam.cpp
  allocate.cpp
  arc4.cpp
  aria.cpp
  aria_simd.cpp
  ariatab.cpp
  asn.cpp
  authenc.cpp
  base32.cpp
  base64.cpp
  basecode.cpp
  bfinit.cpp
  blake2.cpp
  blake2s_simd.cpp
  Generating Code...
  Compiling...
  blake2b_simd.cpp
  blowfish.cpp
  blumshub.cpp
  camellia.cpp
  cast.cpp
  casts.cpp
  cbcmac.cpp
  ccm.cpp
  chacha.cpp
  chacha_simd.cpp
  chachapoly.cpp
  cham.cpp
  cham_simd.cpp
  channels.cpp
  cmac.cpp
  crc.cpp
  crc_simd.cpp
  darn.cpp
  default.cpp
  des.cpp
  Generating Code...
  Compiling...
  dessp.cpp
  dh.cpp
  dh2.cpp
  donna_32.cpp
  donna_64.cpp
  donna_sse.cpp
  dsa.cpp
  eax.cpp
  ec2n.cpp
  ecp.cpp
  elgamal.cpp
  emsa2.cpp
  esign.cpp
  files.cpp
  filters.cpp
  fips140.cpp
  fipstest.cpp
  gcm.cpp
  gcm_simd.cpp
  gf256.cpp
  Generating Code...
  Compiling...
  gf2_32.cpp
  gf2n.cpp
  gf2n_simd.cpp
  gfpcrypt.cpp
  gost.cpp
  gzip.cpp
  hc128.cpp
  hc256.cpp
  hex.cpp
  hight.cpp
  hmac.cpp
  hrtimer.cpp
  ida.cpp
  idea.cpp
  kalyna.cpp
  kalynatab.cpp
  keccak.cpp
  keccak_core.cpp
  keccak_simd.cpp
  lea.cpp
  Generating Code...
  Compiling...
  lea_simd.cpp
  luc.cpp
  mars.cpp
  marss.cpp
  md2.cpp
  md4.cpp
  md5.cpp
  misc.cpp
  modes.cpp
  mqueue.cpp
  mqv.cpp
  nbtheory.cpp
  oaep.cpp
  osrng.cpp
  padlkrng.cpp
  panama.cpp
  pem_common.cpp
  pem_eol.cxx
C:\toolchain\cpp\crypto++\pem_eol.cxx(54,28): warning C4244: 'argument': conversion from 'int' to '_Elem', possible loss of data
          with
          [
              _Elem=char
          ]
  pem_read.cpp
C:\toolchain\cpp\crypto++\pem_read.cpp(233,59): warning C4244: 'argument': conversion from 'CryptoPP::lword' to 'size_t', possible loss of data
C:\toolchain\cpp\crypto++\pem_read.cpp(304,17): warning C4244: 'initializing': conversion from 'const _Ty' to 'size_t', possible loss of data
          with
          [
              _Ty=CryptoPP::lword
          ]
C:\toolchain\cpp\crypto++\pem_read.cpp(412,35): warning C4244: 'initializing': conversion from 'const _Ty' to 'size_t', possible loss of data
          with
          [
              _Ty=CryptoPP::lword
          ]
C:\toolchain\cpp\crypto++\pem_read.cpp(412,23): warning C4244: 'initializing': conversion from 'const _Ty' to 'const size_t', possible loss of data
          with
          [
              _Ty=CryptoPP::lword
          ]
C:\toolchain\cpp\crypto++\pem_read.cpp(721,23): warning C4244: 'argument': conversion from 'CryptoPP::lword' to 'const unsigned int', possible loss of data
C:\toolchain\cpp\crypto++\pem_read.cpp(774,22): warning C4244: 'initializing': conversion from 'CryptoPP::lword' to 'size_t', possible loss of data
C:\Program Files (x86)\Microsoft Visual Studio\2019\Community\VC\Tools\MSVC\14.29.30037\include\algorithm(2892,24): warning C4244: 'argument': conversion from 'int' to 'char', possible loss of data
C:\toolchain\cpp\crypto++\pem_read.cpp(320): message : see reference to function template instantiation '_OutIt std::transform<std::_String_const_iterator<std::_String_val<std::_Simple_types<_Elem>>>,std::back_insert_iterator<CryptoPP::PEM::secure_string>,int(__cdecl *)(int)>(const _InIt,const _InIt,_OutIt,_Fn)' being compiled
          with
          [
              _OutIt=std::back_insert_iterator<CryptoPP::PEM::secure_string>,
              _Elem=char,
              _InIt=std::_String_const_iterator<std::_String_val<std::_Simple_types<char>>>,
              _Fn=int (__cdecl *)(int)
          ]
C:\Program Files (x86)\Microsoft Visual Studio\2019\Community\VC\Tools\MSVC\14.29.30037\include\algorithm(2892,24): warning C4244: '=': conversion from 'int' to 'char', possible loss of data
C:\toolchain\cpp\crypto++\pem_read.cpp(627): message : see reference to function template instantiation '_OutIt std::transform<std::_String_iterator<std::_String_val<std::_Simple_types<_Elem>>>,std::_String_iterator<std::_String_val<std::_Simple_types<_Elem>>>,int(__cdecl *)(int)>(const _InIt,const _InIt,_OutIt,_Fn)' being compiled
          with
          [
              _OutIt=std::_String_iterator<std::_String_val<std::_Simple_types<char>>>,
              _Elem=char,
              _InIt=std::_String_iterator<std::_String_val<std::_Simple_types<char>>>,
              _Fn=int (__cdecl *)(int)
          ]
  pem_test.cxx
C:\toolchain\cpp\crypto++\pem_test.cxx(17,26): warning C4100: 'argv': unreferenced formal parameter
C:\toolchain\cpp\crypto++\pem_test.cxx(17,14): warning C4100: 'argc': unreferenced formal parameter
C:\toolchain\cpp\crypto++\pem_test.cxx(155,28): warning C4101: 'ex': unreferenced local variable
C:\toolchain\cpp\crypto++\pem_test.cxx(171,28): warning C4101: 'ex': unreferenced local variable
C:\toolchain\cpp\crypto++\pem_test.cxx(185,28): warning C4101: 'ex': unreferenced local variable
C:\toolchain\cpp\crypto++\pem_test.cxx(201,28): warning C4101: 'ex': unreferenced local variable
C:\toolchain\cpp\crypto++\pem_test.cxx(215,28): warning C4101: 'ex': unreferenced local variable
C:\toolchain\cpp\crypto++\pem_test.cxx(230,28): warning C4101: 'ex': unreferenced local variable
C:\toolchain\cpp\crypto++\pem_test.cxx(247,28): warning C4101: 'ex': unreferenced local variable
C:\toolchain\cpp\crypto++\pem_test.cxx(262,28): warning C4101: 'ex': unreferenced local variable
C:\toolchain\cpp\crypto++\pem_test.cxx(327,28): warning C4101: 'ex': unreferenced local variable
  Generating Code...
  Compiling...
  pem_write.cpp
C:\Program Files (x86)\Microsoft Visual Studio\2019\Community\VC\Tools\MSVC\14.29.30037\include\algorithm(2892,24): warning C4244: 'argument': conversion from 'int' to 'char', possible loss of data
C:\toolchain\cpp\crypto++\pem_write.cpp(322): message : see reference to function template instantiation '_OutIt std::transform<std::_String_iterator<std::_String_val<std::_Simple_types<_Elem>>>,std::back_insert_iterator<CryptoPP::PEM::secure_string>,int(__cdecl *)(int)>(const _InIt,const _InIt,_OutIt,_Fn)' being compiled
          with
          [
              _OutIt=std::back_insert_iterator<CryptoPP::PEM::secure_string>,
              _Elem=char,
              _InIt=std::_String_iterator<std::_String_val<std::_Simple_types<char>>>,
              _Fn=int (__cdecl *)(int)
          ]
C:\toolchain\cpp\crypto++\pem_write.cpp(288,38): warning C4244: 'argument': conversion from 'CryptoPP::lword' to 'const unsigned int', possible loss of data
C:\toolchain\cpp\crypto++\pem_write.cpp(474): message : see reference to function template instantiation 'void `anonymous-namespace'::PEM_SavePrivateKey<CryptoPP::RSA::PrivateKey>(CryptoPP::BufferedTransformation &,const PRIVATE_KEY &,CryptoPP::RandomNumberGenerator &,const std::string &,const char *,size_t,const CryptoPP::PEM::secure_string &,const CryptoPP::PEM::secure_string &)' being compiled
          with
          [
              PRIVATE_KEY=CryptoPP::RSA::PrivateKey
          ]
  pkcspad.cpp
  poly1305.cpp
  polynomi.cpp
  pssr.cpp
  pubkey.cpp
  queue.cpp
  rabin.cpp
  randpool.cpp
  rabbit.cpp
  rc2.cpp
  rc5.cpp
  rc6.cpp
  rdrand.cpp
  rdtables.cpp
  rijndael.cpp
  rijndael_simd.cpp
  ripemd.cpp
  rng.cpp
  rsa.cpp
  Generating Code...
  Compiling...
  rw.cpp
  safer.cpp
  salsa.cpp
  scrypt.cpp
  seal.cpp
  seed.cpp
  serpent.cpp
  sha.cpp
  sha_simd.cpp
  sha3.cpp
  shacal2.cpp
  shacal2_simd.cpp
  shake.cpp
  shark.cpp
  sharkbox.cpp
  simeck.cpp
  simon.cpp
  simon128_simd.cpp
  simple.cpp
  skipjack.cpp
  Generating Code...
  Compiling...
  sm3.cpp
  sm4.cpp
  sm4_simd.cpp
  sosemanuk.cpp
  speck.cpp
  speck128_simd.cpp
  square.cpp
  squaretb.cpp
  sse_simd.cpp
  strciphr.cpp
  tea.cpp
  tftables.cpp
  threefish.cpp
  tiger.cpp
  tigertab.cpp
  ttmac.cpp
  tweetnacl.cpp
  twofish.cpp
  vmac.cpp
  wake.cpp
  Generating Code...
  Compiling...
  whrlpool.cpp
  x509cert.cpp
C:\toolchain\cpp\crypto++\x509cert.cpp(442,47): warning C4244: 'argument': conversion from 'CryptoPP::lword' to 'unsigned int', possible loss of data
C:\toolchain\cpp\crypto++\x509cert.cpp(464,45): warning C4244: 'argument': conversion from 'CryptoPP::lword' to 'unsigned int', possible loss of data
C:\toolchain\cpp\crypto++\x509cert.cpp(980,47): warning C4244: 'argument': conversion from 'CryptoPP::lword' to 'unsigned int', possible loss of data
C:\toolchain\cpp\crypto++\x509cert.cpp(1766,41): warning C4244: 'argument': conversion from 'CryptoPP::lword' to 'unsigned int', possible loss of data
  xed25519.cpp
  xtr.cpp
  xtrcrypt.cpp
  xts.cpp
  zdeflate.cpp
  zinflate.cpp
  zlib.cpp
  Generating Code...
C:\toolchain\cpp\crypto++\x509cert.cpp(426): warning C4702: unreachable code
  chacha_avx.cpp
  dll.cpp
  iterhash.cpp
  Generating Code...
pem_eol.obj : warning LNK4006: _main already defined in pem_test.obj; second definition ignored
  cryptlib.vcxproj -> C:\toolchain\cpp\crypto++\Win32\Output\Debug\cryptlib.lib
