c:\toolchain\cpp\crypto++\x64\cryptlib\dll-import release\cryptlib.pch
c:\toolchain\cpp\crypto++\x64\cryptlib\dll-import release\cryptlib.pdb
c:\toolchain\cpp\crypto++\x64\cryptlib\dll-import release\pch.obj
c:\toolchain\cpp\crypto++\x64\cryptlib\dll-import release\blake2s_simd.obj
c:\toolchain\cpp\crypto++\x64\cryptlib\dll-import release\blake2.obj
c:\toolchain\cpp\crypto++\x64\cryptlib\dll-import release\bfinit.obj
c:\toolchain\cpp\crypto++\x64\cryptlib\dll-import release\basecode.obj
c:\toolchain\cpp\crypto++\x64\cryptlib\dll-import release\base64.obj
c:\toolchain\cpp\crypto++\x64\cryptlib\dll-import release\base32.obj
c:\toolchain\cpp\crypto++\x64\cryptlib\dll-import release\authenc.obj
c:\toolchain\cpp\crypto++\x64\cryptlib\dll-import release\asn.obj
c:\toolchain\cpp\crypto++\x64\cryptlib\dll-import release\ariatab.obj
c:\toolchain\cpp\crypto++\x64\cryptlib\dll-import release\aria_simd.obj
c:\toolchain\cpp\crypto++\x64\cryptlib\dll-import release\aria.obj
c:\toolchain\cpp\crypto++\x64\cryptlib\dll-import release\arc4.obj
c:\toolchain\cpp\crypto++\x64\cryptlib\dll-import release\allocate.obj
c:\toolchain\cpp\crypto++\x64\cryptlib\dll-import release\algparam.obj
c:\toolchain\cpp\crypto++\x64\cryptlib\dll-import release\algebra.obj
c:\toolchain\cpp\crypto++\x64\cryptlib\dll-import release\adler32.obj
c:\toolchain\cpp\crypto++\x64\cryptlib\dll-import release\3way.obj
c:\toolchain\cpp\crypto++\x64\cryptlib\dll-import release\integer.obj
c:\toolchain\cpp\crypto++\x64\cryptlib\dll-import release\cpu.obj
c:\toolchain\cpp\crypto++\x64\cryptlib\dll-import release\cryptlib.obj
c:\toolchain\cpp\crypto++\x64\cryptlib\dll-import release\des.obj
c:\toolchain\cpp\crypto++\x64\cryptlib\dll-import release\default.obj
c:\toolchain\cpp\crypto++\x64\cryptlib\dll-import release\darn.obj
c:\toolchain\cpp\crypto++\x64\cryptlib\dll-import release\crc_simd.obj
c:\toolchain\cpp\crypto++\x64\cryptlib\dll-import release\crc.obj
c:\toolchain\cpp\crypto++\x64\cryptlib\dll-import release\cmac.obj
c:\toolchain\cpp\crypto++\x64\cryptlib\dll-import release\channels.obj
c:\toolchain\cpp\crypto++\x64\cryptlib\dll-import release\cham_simd.obj
c:\toolchain\cpp\crypto++\x64\cryptlib\dll-import release\cham.obj
c:\toolchain\cpp\crypto++\x64\cryptlib\dll-import release\chachapoly.obj
c:\toolchain\cpp\crypto++\x64\cryptlib\dll-import release\chacha_simd.obj
c:\toolchain\cpp\crypto++\x64\cryptlib\dll-import release\chacha.obj
c:\toolchain\cpp\crypto++\x64\cryptlib\dll-import release\ccm.obj
c:\toolchain\cpp\crypto++\x64\cryptlib\dll-import release\cbcmac.obj
c:\toolchain\cpp\crypto++\x64\cryptlib\dll-import release\casts.obj
c:\toolchain\cpp\crypto++\x64\cryptlib\dll-import release\cast.obj
c:\toolchain\cpp\crypto++\x64\cryptlib\dll-import release\camellia.obj
c:\toolchain\cpp\crypto++\x64\cryptlib\dll-import release\blumshub.obj
c:\toolchain\cpp\crypto++\x64\cryptlib\dll-import release\blowfish.obj
c:\toolchain\cpp\crypto++\x64\cryptlib\dll-import release\blake2b_simd.obj
c:\toolchain\cpp\crypto++\x64\cryptlib\dll-import release\gf256.obj
c:\toolchain\cpp\crypto++\x64\cryptlib\dll-import release\gcm_simd.obj
c:\toolchain\cpp\crypto++\x64\cryptlib\dll-import release\gcm.obj
c:\toolchain\cpp\crypto++\x64\cryptlib\dll-import release\fipstest.obj
c:\toolchain\cpp\crypto++\x64\cryptlib\dll-import release\fips140.obj
c:\toolchain\cpp\crypto++\x64\cryptlib\dll-import release\filters.obj
c:\toolchain\cpp\crypto++\x64\cryptlib\dll-import release\files.obj
c:\toolchain\cpp\crypto++\x64\cryptlib\dll-import release\esign.obj
c:\toolchain\cpp\crypto++\x64\cryptlib\dll-import release\emsa2.obj
c:\toolchain\cpp\crypto++\x64\cryptlib\dll-import release\elgamal.obj
c:\toolchain\cpp\crypto++\x64\cryptlib\dll-import release\ecp.obj
c:\toolchain\cpp\crypto++\x64\cryptlib\dll-import release\ec2n.obj
c:\toolchain\cpp\crypto++\x64\cryptlib\dll-import release\eax.obj
c:\toolchain\cpp\crypto++\x64\cryptlib\dll-import release\dsa.obj
c:\toolchain\cpp\crypto++\x64\cryptlib\dll-import release\donna_sse.obj
c:\toolchain\cpp\crypto++\x64\cryptlib\dll-import release\donna_64.obj
c:\toolchain\cpp\crypto++\x64\cryptlib\dll-import release\donna_32.obj
c:\toolchain\cpp\crypto++\x64\cryptlib\dll-import release\dh2.obj
c:\toolchain\cpp\crypto++\x64\cryptlib\dll-import release\dh.obj
c:\toolchain\cpp\crypto++\x64\cryptlib\dll-import release\dessp.obj
c:\toolchain\cpp\crypto++\x64\cryptlib\dll-import release\lea.obj
c:\toolchain\cpp\crypto++\x64\cryptlib\dll-import release\keccak_simd.obj
c:\toolchain\cpp\crypto++\x64\cryptlib\dll-import release\keccak_core.obj
c:\toolchain\cpp\crypto++\x64\cryptlib\dll-import release\keccak.obj
c:\toolchain\cpp\crypto++\x64\cryptlib\dll-import release\kalynatab.obj
c:\toolchain\cpp\crypto++\x64\cryptlib\dll-import release\kalyna.obj
c:\toolchain\cpp\crypto++\x64\cryptlib\dll-import release\idea.obj
c:\toolchain\cpp\crypto++\x64\cryptlib\dll-import release\ida.obj
c:\toolchain\cpp\crypto++\x64\cryptlib\dll-import release\hrtimer.obj
c:\toolchain\cpp\crypto++\x64\cryptlib\dll-import release\hmac.obj
c:\toolchain\cpp\crypto++\x64\cryptlib\dll-import release\hight.obj
c:\toolchain\cpp\crypto++\x64\cryptlib\dll-import release\hex.obj
c:\toolchain\cpp\crypto++\x64\cryptlib\dll-import release\hc256.obj
c:\toolchain\cpp\crypto++\x64\cryptlib\dll-import release\hc128.obj
c:\toolchain\cpp\crypto++\x64\cryptlib\dll-import release\gzip.obj
c:\toolchain\cpp\crypto++\x64\cryptlib\dll-import release\gost.obj
c:\toolchain\cpp\crypto++\x64\cryptlib\dll-import release\gfpcrypt.obj
c:\toolchain\cpp\crypto++\x64\cryptlib\dll-import release\gf2n_simd.obj
c:\toolchain\cpp\crypto++\x64\cryptlib\dll-import release\gf2n.obj
c:\toolchain\cpp\crypto++\x64\cryptlib\dll-import release\gf2_32.obj
c:\toolchain\cpp\crypto++\x64\cryptlib\dll-import release\pssr.obj
c:\toolchain\cpp\crypto++\x64\cryptlib\dll-import release\polynomi.obj
c:\toolchain\cpp\crypto++\x64\cryptlib\dll-import release\poly1305.obj
c:\toolchain\cpp\crypto++\x64\cryptlib\dll-import release\pkcspad.obj
c:\toolchain\cpp\crypto++\x64\cryptlib\dll-import release\panama.obj
c:\toolchain\cpp\crypto++\x64\cryptlib\dll-import release\padlkrng.obj
c:\toolchain\cpp\crypto++\x64\cryptlib\dll-import release\osrng.obj
c:\toolchain\cpp\crypto++\x64\cryptlib\dll-import release\oaep.obj
c:\toolchain\cpp\crypto++\x64\cryptlib\dll-import release\nbtheory.obj
c:\toolchain\cpp\crypto++\x64\cryptlib\dll-import release\mqv.obj
c:\toolchain\cpp\crypto++\x64\cryptlib\dll-import release\mqueue.obj
c:\toolchain\cpp\crypto++\x64\cryptlib\dll-import release\modes.obj
c:\toolchain\cpp\crypto++\x64\cryptlib\dll-import release\misc.obj
c:\toolchain\cpp\crypto++\x64\cryptlib\dll-import release\md5.obj
c:\toolchain\cpp\crypto++\x64\cryptlib\dll-import release\md4.obj
c:\toolchain\cpp\crypto++\x64\cryptlib\dll-import release\md2.obj
c:\toolchain\cpp\crypto++\x64\cryptlib\dll-import release\marss.obj
c:\toolchain\cpp\crypto++\x64\cryptlib\dll-import release\mars.obj
c:\toolchain\cpp\crypto++\x64\cryptlib\dll-import release\luc.obj
c:\toolchain\cpp\crypto++\x64\cryptlib\dll-import release\lea_simd.obj
c:\toolchain\cpp\crypto++\x64\cryptlib\dll-import release\seal.obj
c:\toolchain\cpp\crypto++\x64\cryptlib\dll-import release\scrypt.obj
c:\toolchain\cpp\crypto++\x64\cryptlib\dll-import release\salsa.obj
c:\toolchain\cpp\crypto++\x64\cryptlib\dll-import release\safer.obj
c:\toolchain\cpp\crypto++\x64\cryptlib\dll-import release\rw.obj
c:\toolchain\cpp\crypto++\x64\cryptlib\dll-import release\rsa.obj
c:\toolchain\cpp\crypto++\x64\cryptlib\dll-import release\rng.obj
c:\toolchain\cpp\crypto++\x64\cryptlib\dll-import release\ripemd.obj
c:\toolchain\cpp\crypto++\x64\cryptlib\dll-import release\rijndael_simd.obj
c:\toolchain\cpp\crypto++\x64\cryptlib\dll-import release\rijndael.obj
c:\toolchain\cpp\crypto++\x64\cryptlib\dll-import release\rdtables.obj
c:\toolchain\cpp\crypto++\x64\cryptlib\dll-import release\rdrand.obj
c:\toolchain\cpp\crypto++\x64\cryptlib\dll-import release\rc6.obj
c:\toolchain\cpp\crypto++\x64\cryptlib\dll-import release\rc5.obj
c:\toolchain\cpp\crypto++\x64\cryptlib\dll-import release\rc2.obj
c:\toolchain\cpp\crypto++\x64\cryptlib\dll-import release\rabbit.obj
c:\toolchain\cpp\crypto++\x64\cryptlib\dll-import release\randpool.obj
c:\toolchain\cpp\crypto++\x64\cryptlib\dll-import release\rabin.obj
c:\toolchain\cpp\crypto++\x64\cryptlib\dll-import release\queue.obj
c:\toolchain\cpp\crypto++\x64\cryptlib\dll-import release\pubkey.obj
c:\toolchain\cpp\crypto++\x64\cryptlib\dll-import release\speck.obj
c:\toolchain\cpp\crypto++\x64\cryptlib\dll-import release\sosemanuk.obj
c:\toolchain\cpp\crypto++\x64\cryptlib\dll-import release\sm4_simd.obj
c:\toolchain\cpp\crypto++\x64\cryptlib\dll-import release\sm4.obj
c:\toolchain\cpp\crypto++\x64\cryptlib\dll-import release\sm3.obj
c:\toolchain\cpp\crypto++\x64\cryptlib\dll-import release\skipjack.obj
c:\toolchain\cpp\crypto++\x64\cryptlib\dll-import release\simple.obj
c:\toolchain\cpp\crypto++\x64\cryptlib\dll-import release\simon128_simd.obj
c:\toolchain\cpp\crypto++\x64\cryptlib\dll-import release\simon.obj
c:\toolchain\cpp\crypto++\x64\cryptlib\dll-import release\simeck.obj
c:\toolchain\cpp\crypto++\x64\cryptlib\dll-import release\sharkbox.obj
c:\toolchain\cpp\crypto++\x64\cryptlib\dll-import release\shark.obj
c:\toolchain\cpp\crypto++\x64\cryptlib\dll-import release\shake.obj
c:\toolchain\cpp\crypto++\x64\cryptlib\dll-import release\shacal2_simd.obj
c:\toolchain\cpp\crypto++\x64\cryptlib\dll-import release\shacal2.obj
c:\toolchain\cpp\crypto++\x64\cryptlib\dll-import release\sha3.obj
c:\toolchain\cpp\crypto++\x64\cryptlib\dll-import release\sha_simd.obj
c:\toolchain\cpp\crypto++\x64\cryptlib\dll-import release\sha.obj
c:\toolchain\cpp\crypto++\x64\cryptlib\dll-import release\serpent.obj
c:\toolchain\cpp\crypto++\x64\cryptlib\dll-import release\seed.obj
c:\toolchain\cpp\crypto++\x64\cryptlib\dll-import release\xts.obj
c:\toolchain\cpp\crypto++\x64\cryptlib\dll-import release\xtrcrypt.obj
c:\toolchain\cpp\crypto++\x64\cryptlib\dll-import release\xtr.obj
c:\toolchain\cpp\crypto++\x64\cryptlib\dll-import release\xed25519.obj
c:\toolchain\cpp\crypto++\x64\cryptlib\dll-import release\whrlpool.obj
c:\toolchain\cpp\crypto++\x64\cryptlib\dll-import release\wake.obj
c:\toolchain\cpp\crypto++\x64\cryptlib\dll-import release\vmac.obj
c:\toolchain\cpp\crypto++\x64\cryptlib\dll-import release\twofish.obj
c:\toolchain\cpp\crypto++\x64\cryptlib\dll-import release\tweetnacl.obj
c:\toolchain\cpp\crypto++\x64\cryptlib\dll-import release\ttmac.obj
c:\toolchain\cpp\crypto++\x64\cryptlib\dll-import release\tigertab.obj
c:\toolchain\cpp\crypto++\x64\cryptlib\dll-import release\tiger.obj
c:\toolchain\cpp\crypto++\x64\cryptlib\dll-import release\threefish.obj
c:\toolchain\cpp\crypto++\x64\cryptlib\dll-import release\tftables.obj
c:\toolchain\cpp\crypto++\x64\cryptlib\dll-import release\tea.obj
c:\toolchain\cpp\crypto++\x64\cryptlib\dll-import release\strciphr.obj
c:\toolchain\cpp\crypto++\x64\cryptlib\dll-import release\sse_simd.obj
c:\toolchain\cpp\crypto++\x64\cryptlib\dll-import release\squaretb.obj
c:\toolchain\cpp\crypto++\x64\cryptlib\dll-import release\square.obj
c:\toolchain\cpp\crypto++\x64\cryptlib\dll-import release\speck128_simd.obj
c:\toolchain\cpp\crypto++\x64\cryptlib\dll-import release\zlib.obj
c:\toolchain\cpp\crypto++\x64\cryptlib\dll-import release\zinflate.obj
c:\toolchain\cpp\crypto++\x64\cryptlib\dll-import release\zdeflate.obj
c:\toolchain\cpp\crypto++\x64\cryptlib\dll-import release\chacha_avx.obj
c:\toolchain\cpp\crypto++\x64\cryptlib\dll-import release\iterhash.obj
c:\toolchain\cpp\crypto++\x64\cryptlib\dll-import release\dll.obj
c:\toolchain\cpp\crypto++\adhoc.cpp.copied
c:\toolchain\cpp\crypto++\x64\cryptlib\dll-import release\rdrand-x64.obj
c:\toolchain\cpp\crypto++\x64\cryptlib\dll-import release\rdseed-x64.obj
c:\toolchain\cpp\crypto++\x64\cryptlib\dll-import release\x64masm.obj
c:\toolchain\cpp\crypto++\x64\dll_output\release\cryptlib.lib
c:\toolchain\cpp\crypto++\x64\cryptlib\dll-import release\cryptlib.tlog\cl.command.1.tlog
c:\toolchain\cpp\crypto++\x64\cryptlib\dll-import release\cryptlib.tlog\cl.read.1.tlog
c:\toolchain\cpp\crypto++\x64\cryptlib\dll-import release\cryptlib.tlog\cl.write.1.tlog
c:\toolchain\cpp\crypto++\x64\cryptlib\dll-import release\cryptlib.tlog\custombuild.command.1.tlog
c:\toolchain\cpp\crypto++\x64\cryptlib\dll-import release\cryptlib.tlog\custombuild.read.1.tlog
c:\toolchain\cpp\crypto++\x64\cryptlib\dll-import release\cryptlib.tlog\custombuild.write.1.tlog
c:\toolchain\cpp\crypto++\x64\cryptlib\dll-import release\cryptlib.tlog\lib-link.read.1.tlog
c:\toolchain\cpp\crypto++\x64\cryptlib\dll-import release\cryptlib.tlog\lib-link.write.1.tlog
c:\toolchain\cpp\crypto++\x64\cryptlib\dll-import release\cryptlib.tlog\lib.command.1.tlog
