c:\toolchain\cpp\crypto++\x64\cryptlib\debug\cryptlib.pch
c:\toolchain\cpp\crypto++\x64\cryptlib\debug\cryptlib.pdb
c:\toolchain\cpp\crypto++\x64\cryptlib\debug\pch.obj
c:\toolchain\cpp\crypto++\x64\cryptlib\debug\blake2s_simd.obj
c:\toolchain\cpp\crypto++\x64\cryptlib\debug\blake2.obj
c:\toolchain\cpp\crypto++\x64\cryptlib\debug\bfinit.obj
c:\toolchain\cpp\crypto++\x64\cryptlib\debug\basecode.obj
c:\toolchain\cpp\crypto++\x64\cryptlib\debug\base64.obj
c:\toolchain\cpp\crypto++\x64\cryptlib\debug\base32.obj
c:\toolchain\cpp\crypto++\x64\cryptlib\debug\authenc.obj
c:\toolchain\cpp\crypto++\x64\cryptlib\debug\asn.obj
c:\toolchain\cpp\crypto++\x64\cryptlib\debug\ariatab.obj
c:\toolchain\cpp\crypto++\x64\cryptlib\debug\aria_simd.obj
c:\toolchain\cpp\crypto++\x64\cryptlib\debug\aria.obj
c:\toolchain\cpp\crypto++\x64\cryptlib\debug\arc4.obj
c:\toolchain\cpp\crypto++\x64\cryptlib\debug\allocate.obj
c:\toolchain\cpp\crypto++\x64\cryptlib\debug\algparam.obj
c:\toolchain\cpp\crypto++\x64\cryptlib\debug\algebra.obj
c:\toolchain\cpp\crypto++\x64\cryptlib\debug\adler32.obj
c:\toolchain\cpp\crypto++\x64\cryptlib\debug\3way.obj
c:\toolchain\cpp\crypto++\x64\cryptlib\debug\integer.obj
c:\toolchain\cpp\crypto++\x64\cryptlib\debug\cpu.obj
c:\toolchain\cpp\crypto++\x64\cryptlib\debug\cryptlib.obj
c:\toolchain\cpp\crypto++\x64\cryptlib\debug\des.obj
c:\toolchain\cpp\crypto++\x64\cryptlib\debug\default.obj
c:\toolchain\cpp\crypto++\x64\cryptlib\debug\darn.obj
c:\toolchain\cpp\crypto++\x64\cryptlib\debug\crc_simd.obj
c:\toolchain\cpp\crypto++\x64\cryptlib\debug\crc.obj
c:\toolchain\cpp\crypto++\x64\cryptlib\debug\cmac.obj
c:\toolchain\cpp\crypto++\x64\cryptlib\debug\channels.obj
c:\toolchain\cpp\crypto++\x64\cryptlib\debug\cham_simd.obj
c:\toolchain\cpp\crypto++\x64\cryptlib\debug\cham.obj
c:\toolchain\cpp\crypto++\x64\cryptlib\debug\chachapoly.obj
c:\toolchain\cpp\crypto++\x64\cryptlib\debug\chacha_simd.obj
c:\toolchain\cpp\crypto++\x64\cryptlib\debug\chacha.obj
c:\toolchain\cpp\crypto++\x64\cryptlib\debug\ccm.obj
c:\toolchain\cpp\crypto++\x64\cryptlib\debug\cbcmac.obj
c:\toolchain\cpp\crypto++\x64\cryptlib\debug\casts.obj
c:\toolchain\cpp\crypto++\x64\cryptlib\debug\cast.obj
c:\toolchain\cpp\crypto++\x64\cryptlib\debug\camellia.obj
c:\toolchain\cpp\crypto++\x64\cryptlib\debug\blumshub.obj
c:\toolchain\cpp\crypto++\x64\cryptlib\debug\blowfish.obj
c:\toolchain\cpp\crypto++\x64\cryptlib\debug\blake2b_simd.obj
c:\toolchain\cpp\crypto++\x64\cryptlib\debug\gf256.obj
c:\toolchain\cpp\crypto++\x64\cryptlib\debug\gcm_simd.obj
c:\toolchain\cpp\crypto++\x64\cryptlib\debug\gcm.obj
c:\toolchain\cpp\crypto++\x64\cryptlib\debug\fipstest.obj
c:\toolchain\cpp\crypto++\x64\cryptlib\debug\fips140.obj
c:\toolchain\cpp\crypto++\x64\cryptlib\debug\filters.obj
c:\toolchain\cpp\crypto++\x64\cryptlib\debug\files.obj
c:\toolchain\cpp\crypto++\x64\cryptlib\debug\esign.obj
c:\toolchain\cpp\crypto++\x64\cryptlib\debug\emsa2.obj
c:\toolchain\cpp\crypto++\x64\cryptlib\debug\elgamal.obj
c:\toolchain\cpp\crypto++\x64\cryptlib\debug\ecp.obj
c:\toolchain\cpp\crypto++\x64\cryptlib\debug\ec2n.obj
c:\toolchain\cpp\crypto++\x64\cryptlib\debug\eax.obj
c:\toolchain\cpp\crypto++\x64\cryptlib\debug\dsa.obj
c:\toolchain\cpp\crypto++\x64\cryptlib\debug\donna_sse.obj
c:\toolchain\cpp\crypto++\x64\cryptlib\debug\donna_64.obj
c:\toolchain\cpp\crypto++\x64\cryptlib\debug\donna_32.obj
c:\toolchain\cpp\crypto++\x64\cryptlib\debug\dh2.obj
c:\toolchain\cpp\crypto++\x64\cryptlib\debug\dh.obj
c:\toolchain\cpp\crypto++\x64\cryptlib\debug\dessp.obj
c:\toolchain\cpp\crypto++\x64\cryptlib\debug\lea.obj
c:\toolchain\cpp\crypto++\x64\cryptlib\debug\keccak_simd.obj
c:\toolchain\cpp\crypto++\x64\cryptlib\debug\keccak_core.obj
c:\toolchain\cpp\crypto++\x64\cryptlib\debug\keccak.obj
c:\toolchain\cpp\crypto++\x64\cryptlib\debug\kalynatab.obj
c:\toolchain\cpp\crypto++\x64\cryptlib\debug\kalyna.obj
c:\toolchain\cpp\crypto++\x64\cryptlib\debug\idea.obj
c:\toolchain\cpp\crypto++\x64\cryptlib\debug\ida.obj
c:\toolchain\cpp\crypto++\x64\cryptlib\debug\hrtimer.obj
c:\toolchain\cpp\crypto++\x64\cryptlib\debug\hmac.obj
c:\toolchain\cpp\crypto++\x64\cryptlib\debug\hight.obj
c:\toolchain\cpp\crypto++\x64\cryptlib\debug\hex.obj
c:\toolchain\cpp\crypto++\x64\cryptlib\debug\hc256.obj
c:\toolchain\cpp\crypto++\x64\cryptlib\debug\hc128.obj
c:\toolchain\cpp\crypto++\x64\cryptlib\debug\gzip.obj
c:\toolchain\cpp\crypto++\x64\cryptlib\debug\gost.obj
c:\toolchain\cpp\crypto++\x64\cryptlib\debug\gfpcrypt.obj
c:\toolchain\cpp\crypto++\x64\cryptlib\debug\gf2n_simd.obj
c:\toolchain\cpp\crypto++\x64\cryptlib\debug\gf2n.obj
c:\toolchain\cpp\crypto++\x64\cryptlib\debug\gf2_32.obj
c:\toolchain\cpp\crypto++\x64\cryptlib\debug\pssr.obj
c:\toolchain\cpp\crypto++\x64\cryptlib\debug\polynomi.obj
c:\toolchain\cpp\crypto++\x64\cryptlib\debug\poly1305.obj
c:\toolchain\cpp\crypto++\x64\cryptlib\debug\pkcspad.obj
c:\toolchain\cpp\crypto++\x64\cryptlib\debug\panama.obj
c:\toolchain\cpp\crypto++\x64\cryptlib\debug\padlkrng.obj
c:\toolchain\cpp\crypto++\x64\cryptlib\debug\osrng.obj
c:\toolchain\cpp\crypto++\x64\cryptlib\debug\oaep.obj
c:\toolchain\cpp\crypto++\x64\cryptlib\debug\nbtheory.obj
c:\toolchain\cpp\crypto++\x64\cryptlib\debug\mqv.obj
c:\toolchain\cpp\crypto++\x64\cryptlib\debug\mqueue.obj
c:\toolchain\cpp\crypto++\x64\cryptlib\debug\modes.obj
c:\toolchain\cpp\crypto++\x64\cryptlib\debug\misc.obj
c:\toolchain\cpp\crypto++\x64\cryptlib\debug\md5.obj
c:\toolchain\cpp\crypto++\x64\cryptlib\debug\md4.obj
c:\toolchain\cpp\crypto++\x64\cryptlib\debug\md2.obj
c:\toolchain\cpp\crypto++\x64\cryptlib\debug\marss.obj
c:\toolchain\cpp\crypto++\x64\cryptlib\debug\mars.obj
c:\toolchain\cpp\crypto++\x64\cryptlib\debug\luc.obj
c:\toolchain\cpp\crypto++\x64\cryptlib\debug\lea_simd.obj
c:\toolchain\cpp\crypto++\x64\cryptlib\debug\seal.obj
c:\toolchain\cpp\crypto++\x64\cryptlib\debug\scrypt.obj
c:\toolchain\cpp\crypto++\x64\cryptlib\debug\salsa.obj
c:\toolchain\cpp\crypto++\x64\cryptlib\debug\safer.obj
c:\toolchain\cpp\crypto++\x64\cryptlib\debug\rw.obj
c:\toolchain\cpp\crypto++\x64\cryptlib\debug\rsa.obj
c:\toolchain\cpp\crypto++\x64\cryptlib\debug\rng.obj
c:\toolchain\cpp\crypto++\x64\cryptlib\debug\ripemd.obj
c:\toolchain\cpp\crypto++\x64\cryptlib\debug\rijndael_simd.obj
c:\toolchain\cpp\crypto++\x64\cryptlib\debug\rijndael.obj
c:\toolchain\cpp\crypto++\x64\cryptlib\debug\rdtables.obj
c:\toolchain\cpp\crypto++\x64\cryptlib\debug\rdrand.obj
c:\toolchain\cpp\crypto++\x64\cryptlib\debug\rc6.obj
c:\toolchain\cpp\crypto++\x64\cryptlib\debug\rc5.obj
c:\toolchain\cpp\crypto++\x64\cryptlib\debug\rc2.obj
c:\toolchain\cpp\crypto++\x64\cryptlib\debug\rabbit.obj
c:\toolchain\cpp\crypto++\x64\cryptlib\debug\randpool.obj
c:\toolchain\cpp\crypto++\x64\cryptlib\debug\rabin.obj
c:\toolchain\cpp\crypto++\x64\cryptlib\debug\queue.obj
c:\toolchain\cpp\crypto++\x64\cryptlib\debug\pubkey.obj
c:\toolchain\cpp\crypto++\x64\cryptlib\debug\speck.obj
c:\toolchain\cpp\crypto++\x64\cryptlib\debug\sosemanuk.obj
c:\toolchain\cpp\crypto++\x64\cryptlib\debug\sm4_simd.obj
c:\toolchain\cpp\crypto++\x64\cryptlib\debug\sm4.obj
c:\toolchain\cpp\crypto++\x64\cryptlib\debug\sm3.obj
c:\toolchain\cpp\crypto++\x64\cryptlib\debug\skipjack.obj
c:\toolchain\cpp\crypto++\x64\cryptlib\debug\simple.obj
c:\toolchain\cpp\crypto++\x64\cryptlib\debug\simon128_simd.obj
c:\toolchain\cpp\crypto++\x64\cryptlib\debug\simon.obj
c:\toolchain\cpp\crypto++\x64\cryptlib\debug\simeck.obj
c:\toolchain\cpp\crypto++\x64\cryptlib\debug\sharkbox.obj
c:\toolchain\cpp\crypto++\x64\cryptlib\debug\shark.obj
c:\toolchain\cpp\crypto++\x64\cryptlib\debug\shake.obj
c:\toolchain\cpp\crypto++\x64\cryptlib\debug\shacal2_simd.obj
c:\toolchain\cpp\crypto++\x64\cryptlib\debug\shacal2.obj
c:\toolchain\cpp\crypto++\x64\cryptlib\debug\sha3.obj
c:\toolchain\cpp\crypto++\x64\cryptlib\debug\sha_simd.obj
c:\toolchain\cpp\crypto++\x64\cryptlib\debug\sha.obj
c:\toolchain\cpp\crypto++\x64\cryptlib\debug\serpent.obj
c:\toolchain\cpp\crypto++\x64\cryptlib\debug\seed.obj
c:\toolchain\cpp\crypto++\x64\cryptlib\debug\xts.obj
c:\toolchain\cpp\crypto++\x64\cryptlib\debug\xtrcrypt.obj
c:\toolchain\cpp\crypto++\x64\cryptlib\debug\xtr.obj
c:\toolchain\cpp\crypto++\x64\cryptlib\debug\xed25519.obj
c:\toolchain\cpp\crypto++\x64\cryptlib\debug\whrlpool.obj
c:\toolchain\cpp\crypto++\x64\cryptlib\debug\wake.obj
c:\toolchain\cpp\crypto++\x64\cryptlib\debug\vmac.obj
c:\toolchain\cpp\crypto++\x64\cryptlib\debug\twofish.obj
c:\toolchain\cpp\crypto++\x64\cryptlib\debug\tweetnacl.obj
c:\toolchain\cpp\crypto++\x64\cryptlib\debug\ttmac.obj
c:\toolchain\cpp\crypto++\x64\cryptlib\debug\tigertab.obj
c:\toolchain\cpp\crypto++\x64\cryptlib\debug\tiger.obj
c:\toolchain\cpp\crypto++\x64\cryptlib\debug\threefish.obj
c:\toolchain\cpp\crypto++\x64\cryptlib\debug\tftables.obj
c:\toolchain\cpp\crypto++\x64\cryptlib\debug\tea.obj
c:\toolchain\cpp\crypto++\x64\cryptlib\debug\strciphr.obj
c:\toolchain\cpp\crypto++\x64\cryptlib\debug\sse_simd.obj
c:\toolchain\cpp\crypto++\x64\cryptlib\debug\squaretb.obj
c:\toolchain\cpp\crypto++\x64\cryptlib\debug\square.obj
c:\toolchain\cpp\crypto++\x64\cryptlib\debug\speck128_simd.obj
c:\toolchain\cpp\crypto++\x64\cryptlib\debug\zlib.obj
c:\toolchain\cpp\crypto++\x64\cryptlib\debug\zinflate.obj
c:\toolchain\cpp\crypto++\x64\cryptlib\debug\zdeflate.obj
c:\toolchain\cpp\crypto++\x64\cryptlib\debug\chacha_avx.obj
c:\toolchain\cpp\crypto++\x64\cryptlib\debug\iterhash.obj
c:\toolchain\cpp\crypto++\x64\cryptlib\debug\dll.obj
c:\toolchain\cpp\crypto++\adhoc.cpp.copied
c:\toolchain\cpp\crypto++\x64\cryptlib\debug\rdrand-x64.obj
c:\toolchain\cpp\crypto++\x64\cryptlib\debug\rdseed-x64.obj
c:\toolchain\cpp\crypto++\x64\cryptlib\debug\x64dll.obj
c:\toolchain\cpp\crypto++\x64\cryptlib\debug\x64masm.obj
c:\toolchain\cpp\crypto++\x64\output\debug\cryptlib.lib
c:\toolchain\cpp\crypto++\x64\cryptlib\debug\cryptlib.tlog\cl.command.1.tlog
c:\toolchain\cpp\crypto++\x64\cryptlib\debug\cryptlib.tlog\cl.read.1.tlog
c:\toolchain\cpp\crypto++\x64\cryptlib\debug\cryptlib.tlog\cl.write.1.tlog
c:\toolchain\cpp\crypto++\x64\cryptlib\debug\cryptlib.tlog\custombuild.command.1.tlog
c:\toolchain\cpp\crypto++\x64\cryptlib\debug\cryptlib.tlog\custombuild.read.1.tlog
c:\toolchain\cpp\crypto++\x64\cryptlib\debug\cryptlib.tlog\custombuild.write.1.tlog
c:\toolchain\cpp\crypto++\x64\cryptlib\debug\cryptlib.tlog\lib-link.read.1.tlog
c:\toolchain\cpp\crypto++\x64\cryptlib\debug\cryptlib.tlog\lib-link.write.1.tlog
c:\toolchain\cpp\crypto++\x64\cryptlib\debug\cryptlib.tlog\lib.command.1.tlog
